ubuntu@ip-10-0-22-13:~/code/openmrs-module-appointments$ mvn clean install
[INFO] Scanning for projects...
[INFO] Inspecting build with total of 4 modules
[INFO] Installing Central Publishing features
[INFO] ------------------------------------------------------------------------
[INFO] Reactor Build Order:
[INFO] 
[INFO] Bahmni Appointment Scheduling                                      [pom]
[INFO] appointments API                                                   [jar]
[INFO] appointments AtomFeed                                              [jar]
[INFO] appointments OMOD                                                  [jar]
[INFO] 
[INFO] -------------------< org.bahmni.module:appointments >-------------------
[INFO] Building Bahmni Appointment Scheduling 2.1.0-SNAPSHOT              [1/4]
[INFO] --------------------------------[ pom ]---------------------------------
Downloading from openmrs-repo: https://mavenrepo.openmrs.org/nexus/content/repositories/public/org/apache/maven/plugins/maven-failsafe-plugin/2.17/maven-failsafe-plugin-2.17.pom
Downloaded from openmrs-repo: https://mavenrepo.openmrs.org/nexus/content/repositories/public/org/apache/maven/plugins/maven-failsafe-plugin/2.17/maven-failsafe-plugin-2.17.pom (8.4 kB at 12 kB/s)
Downloading from openmrs-repo: https://mavenrepo.openmrs.org/nexus/content/repositories/public/org/apache/maven/surefire/surefire/2.17/surefire-2.17.pom
Downloaded from openmrs-repo: https://mavenrepo.openmrs.org/nexus/content/repositories/public/org/apache/maven/surefire/surefire/2.17/surefire-2.17.pom (17 kB at 78 kB/s)
Downloading from openmrs-repo: https://mavenrepo.openmrs.org/nexus/content/repositories/public/org/apache/maven/plugins/maven-failsafe-plugin/2.17/maven-failsafe-plugin-2.17.jar
Downloaded from openmrs-repo: https://mavenrepo.openmrs.org/nexus/content/repositories/public/org/apache/maven/plugins/maven-failsafe-plugin/2.17/maven-failsafe-plugin-2.17.jar (79 kB at 269 kB/s)
[INFO] 
[INFO] --- maven-clean-plugin:2.5:clean (default-clean) @ appointments ---
[INFO] 
[INFO] --- maven-failsafe-plugin:2.17:integration-test (default) @ appointments ---
Downloading from openmrs-repo: https://mavenrepo.openmrs.org/nexus/content/repositories/public/org/apache/maven/surefire/maven-surefire-common/2.17/maven-surefire-common-2.17.pom
Downloaded from openmrs-repo: https://mavenrepo.openmrs.org/nexus/content/repositories/public/org/apache/maven/surefire/maven-surefire-common/2.17/maven-surefire-common-2.17.pom (6.1 kB at 28 kB/s)
Downloading from openmrs-repo: https://mavenrepo.openmrs.org/nexus/content/repositories/public/org/apache/maven/plugin-tools/maven-plugin-annotations/3.2/maven-plugin-annotations-3.2.pom
Downloaded from openmrs-repo: https://mavenrepo.openmrs.org/nexus/content/repositories/public/org/apache/maven/plugin-tools/maven-plugin-annotations/3.2/maven-plugin-annotations-3.2.pom (1.6 kB at 7.7 kB/s)
Downloading from openmrs-repo: https://mavenrepo.openmrs.org/nexus/content/repositories/public/org/apache/maven/plugin-tools/maven-plugin-tools/3.2/maven-plugin-tools-3.2.pom
Downloaded from openmrs-repo: https://mavenrepo.openmrs.org/nexus/content/repositories/public/org/apache/maven/plugin-tools/maven-plugin-tools/3.2/maven-plugin-tools-3.2.pom (17 kB at 79 kB/s)
Downloading from openmrs-repo: https://mavenrepo.openmrs.org/nexus/content/repositories/public/org/apache/maven/surefire/surefire-api/2.17/surefire-api-2.17.pom
Downloaded from openmrs-repo: https://mavenrepo.openmrs.org/nexus/content/repositories/public/org/apache/maven/surefire/surefire-api/2.17/surefire-api-2.17.pom (2.3 kB at 11 kB/s)
Downloading from openmrs-repo: https://mavenrepo.openmrs.org/nexus/content/repositories/public/org/apache/maven/surefire/surefire-booter/2.17/surefire-booter-2.17.pom
Downloaded from openmrs-repo: https://mavenrepo.openmrs.org/nexus/content/repositories/public/org/apache/maven/surefire/surefire-booter/2.17/surefire-booter-2.17.pom (2.8 kB at 13 kB/s)
Downloading from openmrs-repo: https://mavenrepo.openmrs.org/nexus/content/repositories/public/org/apache/maven/surefire/maven-surefire-common/2.17/maven-surefire-common-2.17.jar
Downloading from openmrs-repo: https://mavenrepo.openmrs.org/nexus/content/repositories/public/org/apache/maven/plugin-tools/maven-plugin-annotations/3.2/maven-plugin-annotations-3.2.jar
Downloading from openmrs-repo: https://mavenrepo.openmrs.org/nexus/content/repositories/public/org/apache/maven/surefire/surefire-api/2.17/surefire-api-2.17.jar
Downloading from openmrs-repo: https://mavenrepo.openmrs.org/nexus/content/repositories/public/org/apache/commons/commons-lang3/3.1/commons-lang3-3.1.jar
Downloading from openmrs-repo: https://mavenrepo.openmrs.org/nexus/content/repositories/public/org/apache/maven/surefire/surefire-booter/2.17/surefire-booter-2.17.jar
Downloaded from openmrs-repo: https://mavenrepo.openmrs.org/nexus/content/repositories/public/org/apache/maven/surefire/surefire-booter/2.17/surefire-booter-2.17.jar (40 kB at 74 kB/s)
Downloaded from openmrs-repo: https://mavenrepo.openmrs.org/nexus/content/repositories/public/org/apache/maven/plugin-tools/maven-plugin-annotations/3.2/maven-plugin-annotations-3.2.jar (15 kB at 28 kB/s)
Downloaded from openmrs-repo: https://mavenrepo.openmrs.org/nexus/content/repositories/public/org/apache/maven/surefire/surefire-api/2.17/surefire-api-2.17.jar (147 kB at 202 kB/s)
Downloaded from openmrs-repo: https://mavenrepo.openmrs.org/nexus/content/repositories/public/org/apache/maven/surefire/maven-surefire-common/2.17/maven-surefire-common-2.17.jar (265 kB at 305 kB/s)
Downloaded from openmrs-repo: https://mavenrepo.openmrs.org/nexus/content/repositories/public/org/apache/commons/commons-lang3/3.1/commons-lang3-3.1.jar (316 kB at 256 kB/s)
[INFO] No tests to run.
[INFO] 
[INFO] --- maven-failsafe-plugin:2.17:verify (default) @ appointments ---
[INFO] No tests to run.
[INFO] 
[INFO] --- maven-install-plugin:2.4:install (default-install) @ appointments ---
[INFO] Installing /home/ubuntu/code/openmrs-module-appointments/pom.xml to /home/ubuntu/.m2/repository/org/bahmni/module/appointments/2.1.0-SNAPSHOT/appointments-2.1.0-SNAPSHOT.pom
[INFO] 
[INFO] -----------------< org.bahmni.module:appointments-api >-----------------
[INFO] Building appointments API 2.1.0-SNAPSHOT                           [2/4]
[INFO] --------------------------------[ jar ]---------------------------------
Downloading from openmrs-repo: https://mavenrepo.openmrs.org/nexus/content/repositories/public/org/bahmni/module/teleconsultation-api/2.0.0/teleconsultation-api-2.0.0.pom
Downloaded from openmrs-repo: https://mavenrepo.openmrs.org/nexus/content/repositories/public/org/bahmni/module/teleconsultation-api/2.0.0/teleconsultation-api-2.0.0.pom (3.8 kB at 18 kB/s)
Downloading from openmrs-repo: https://mavenrepo.openmrs.org/nexus/content/repositories/public/org/bahmni/module/teleconsultation/2.0.0/teleconsultation-2.0.0.pom
Downloaded from openmrs-repo: https://mavenrepo.openmrs.org/nexus/content/repositories/public/org/bahmni/module/teleconsultation/2.0.0/teleconsultation-2.0.0.pom (12 kB at 56 kB/s)
Downloading from openmrs-repo: https://mavenrepo.openmrs.org/nexus/content/repositories/public/org/bahmni/module/web-clients/1.0.0/web-clients-1.0.0.pom
Downloaded from openmrs-repo: https://mavenrepo.openmrs.org/nexus/content/repositories/public/org/bahmni/module/web-clients/1.0.0/web-clients-1.0.0.pom (2.0 kB at 9.5 kB/s)
Downloading from openmrs-repo: https://mavenrepo.openmrs.org/nexus/content/repositories/public/org/bahmni/module/bahmni-java-utils/1.0.0/bahmni-java-utils-1.0.0.pom
Downloaded from openmrs-repo: https://mavenrepo.openmrs.org/nexus/content/repositories/public/org/bahmni/module/bahmni-java-utils/1.0.0/bahmni-java-utils-1.0.0.pom (9.9 kB at 47 kB/s)
Downloading from openmrs-repo: https://mavenrepo.openmrs.org/nexus/content/repositories/public/org/bahmni/module/communication-api/1.2.0/communication-api-1.2.0.pom
Downloaded from openmrs-repo: https://mavenrepo.openmrs.org/nexus/content/repositories/public/org/bahmni/module/communication-api/1.2.0/communication-api-1.2.0.pom (6.0 kB at 28 kB/s)
Downloading from openmrs-repo: https://mavenrepo.openmrs.org/nexus/content/repositories/public/org/bahmni/module/communication/1.2.0/communication-1.2.0.pom
Downloaded from openmrs-repo: https://mavenrepo.openmrs.org/nexus/content/repositories/public/org/bahmni/module/communication/1.2.0/communication-1.2.0.pom (12 kB at 55 kB/s)
Downloading from openmrs-repo: https://mavenrepo.openmrs.org/nexus/content/repositories/public/org/apache/httpcomponents/httpclient/4.5.14/httpclient-4.5.14.pom
Downloaded from openmrs-repo: https://mavenrepo.openmrs.org/nexus/content/repositories/public/org/apache/httpcomponents/httpclient/4.5.14/httpclient-4.5.14.pom (6.6 kB at 30 kB/s)
Downloading from openmrs-repo: https://mavenrepo.openmrs.org/nexus/content/repositories/public/org/apache/httpcomponents/httpcomponents-client/4.5.14/httpcomponents-client-4.5.14.pom
Downloaded from openmrs-repo: https://mavenrepo.openmrs.org/nexus/content/repositories/public/org/apache/httpcomponents/httpcomponents-client/4.5.14/httpcomponents-client-4.5.14.pom (15 kB at 72 kB/s)
Downloading from openmrs-repo: https://mavenrepo.openmrs.org/nexus/content/repositories/public/org/apache/httpcomponents/httpcore/4.4.16/httpcore-4.4.16.pom
Downloaded from openmrs-repo: https://mavenrepo.openmrs.org/nexus/content/repositories/public/org/apache/httpcomponents/httpcore/4.4.16/httpcore-4.4.16.pom (5.0 kB at 23 kB/s)
Downloading from openmrs-repo: https://mavenrepo.openmrs.org/nexus/content/repositories/public/org/apache/httpcomponents/httpcomponents-core/4.4.16/httpcomponents-core-4.4.16.pom
Downloaded from openmrs-repo: https://mavenrepo.openmrs.org/nexus/content/repositories/public/org/apache/httpcomponents/httpcomponents-core/4.4.16/httpcomponents-core-4.4.16.pom (12 kB at 57 kB/s)
Downloading from openmrs-repo: https://mavenrepo.openmrs.org/nexus/content/repositories/public/org/openmrs/module/webservices.rest-omod-common/2.29.0/webservices.rest-omod-common-2.29.0.pom
Downloaded from openmrs-repo: https://mavenrepo.openmrs.org/nexus/content/repositories/public/org/openmrs/module/webservices.rest-omod-common/2.29.0/webservices.rest-omod-common-2.29.0.pom (2.8 kB at 13 kB/s)
Downloading from openmrs-repo: https://mavenrepo.openmrs.org/nexus/content/repositories/public/org/openmrs/module/webservices.rest/2.29.0/webservices.rest-2.29.0.pom
Downloaded from openmrs-repo: https://mavenrepo.openmrs.org/nexus/content/repositories/public/org/openmrs/module/webservices.rest/2.29.0/webservices.rest-2.29.0.pom (18 kB at 83 kB/s)
Downloading from openmrs-repo: https://mavenrepo.openmrs.org/nexus/content/repositories/public/javax/activation/activation/1.1/activation-1.1.pom
Downloaded from openmrs-repo: https://mavenrepo.openmrs.org/nexus/content/repositories/public/javax/activation/activation/1.1/activation-1.1.pom (1.1 kB at 5.1 kB/s)
Downloading from openmrs-repo: https://mavenrepo.openmrs.org/nexus/content/repositories/public/org/json/json/20210307/json-20210307.pom
Downloaded from openmrs-repo: https://mavenrepo.openmrs.org/nexus/content/repositories/public/org/json/json/20210307/json-20210307.pom (7.8 kB at 36 kB/s)
Downloading from openmrs-repo: https://mavenrepo.openmrs.org/nexus/content/repositories/public/org/bahmni/module/teleconsultation-api/2.0.0/teleconsultation-api-2.0.0.jar
Downloading from openmrs-repo: https://mavenrepo.openmrs.org/nexus/content/repositories/public/org/bahmni/module/web-clients/1.0.0/web-clients-1.0.0.jar
Downloading from openmrs-repo: https://mavenrepo.openmrs.org/nexus/content/repositories/public/org/bahmni/module/communication-api/1.2.0/communication-api-1.2.0.jar
Downloading from openmrs-repo: https://mavenrepo.openmrs.org/nexus/content/repositories/public/org/apache/httpcomponents/httpclient/4.5.14/httpclient-4.5.14.jar
Downloading from openmrs-repo: https://mavenrepo.openmrs.org/nexus/content/repositories/public/org/apache/httpcomponents/httpcore/4.4.16/httpcore-4.4.16.jar
Downloaded from openmrs-repo: https://mavenrepo.openmrs.org/nexus/content/repositories/public/org/bahmni/module/teleconsultation-api/2.0.0/teleconsultation-api-2.0.0.jar (6.9 kB at 32 kB/s)
Downloading from openmrs-repo: https://mavenrepo.openmrs.org/nexus/content/repositories/public/org/openmrs/module/webservices.rest-omod-common/2.29.0/webservices.rest-omod-common-2.29.0.jar
Downloaded from openmrs-repo: https://mavenrepo.openmrs.org/nexus/content/repositories/public/org/bahmni/module/web-clients/1.0.0/web-clients-1.0.0.jar (26 kB at 88 kB/s)
Downloading from openmrs-repo: https://mavenrepo.openmrs.org/nexus/content/repositories/public/javax/activation/activation/1.1/activation-1.1.jar
Downloaded from openmrs-repo: https://mavenrepo.openmrs.org/nexus/content/repositories/public/org/bahmni/module/communication-api/1.2.0/communication-api-1.2.0.jar (22 kB at 73 kB/s)
Downloading from openmrs-repo: https://mavenrepo.openmrs.org/nexus/content/repositories/public/org/json/json/20210307/json-20210307.jar
Downloaded from openmrs-repo: https://mavenrepo.openmrs.org/nexus/content/repositories/public/org/apache/httpcomponents/httpclient/4.5.14/httpclient-4.5.14.jar (786 kB at 1.5 MB/s)
Downloaded from openmrs-repo: https://mavenrepo.openmrs.org/nexus/content/repositories/public/org/json/json/20210307/json-20210307.jar (70 kB at 120 kB/s)
Downloaded from openmrs-repo: https://mavenrepo.openmrs.org/nexus/content/repositories/public/org/apache/httpcomponents/httpcore/4.4.16/httpcore-4.4.16.jar (328 kB at 530 kB/s)
Downloaded from openmrs-repo: https://mavenrepo.openmrs.org/nexus/content/repositories/public/javax/activation/activation/1.1/activation-1.1.jar (63 kB at 96 kB/s)
Downloaded from openmrs-repo: https://mavenrepo.openmrs.org/nexus/content/repositories/public/org/openmrs/module/webservices.rest-omod-common/2.29.0/webservices.rest-omod-common-2.29.0.jar (205 kB at 202 kB/s)
[INFO] 
[INFO] --- maven-clean-plugin:2.5:clean (default-clean) @ appointments-api ---
[INFO] 
[INFO] --- jacoco-maven-plugin:0.7.9:prepare-agent (default) @ appointments-api ---
[INFO] argLine set to -javaagent:/home/ubuntu/.m2/repository/org/jacoco/org.jacoco.agent/0.7.9/org.jacoco.agent-0.7.9-runtime.jar=destfile=/home/ubuntu/code/openmrs-module-appointments/api/target/jacoco.exec,includes=**/*:**/*,excludes=**/*Activator.class -Xmx1024m
[INFO] 
[INFO] --- maven-resources-plugin:2.6:resources (default-resources) @ appointments-api ---
[INFO] Using 'UTF-8' encoding to copy filtered resources.
[INFO] Copying 18 resources
[INFO] 
[INFO] --- maven-compiler-plugin:3.1:compile (default-compile) @ appointments-api ---
[INFO] Changes detected - recompiling the module!
[INFO] Compiling 72 source files to /home/ubuntu/code/openmrs-module-appointments/api/target/classes
[WARNING] /home/ubuntu/code/openmrs-module-appointments/api/src/main/java/org/openmrs/module/appointments/dao/impl/AppointmentRecurringPatternDaoImpl.java: Some input files use or override a deprecated API.
[WARNING] /home/ubuntu/code/openmrs-module-appointments/api/src/main/java/org/openmrs/module/appointments/dao/impl/AppointmentRecurringPatternDaoImpl.java: Recompile with -Xlint:deprecation for details.
[WARNING] /home/ubuntu/code/openmrs-module-appointments/api/src/main/java/org/openmrs/module/appointments/model/Appointment.java: Some input files use unchecked or unsafe operations.
[WARNING] /home/ubuntu/code/openmrs-module-appointments/api/src/main/java/org/openmrs/module/appointments/model/Appointment.java: Recompile with -Xlint:unchecked for details.
[INFO] 
[INFO] --- maven-resources-plugin:2.6:testResources (default-testResources) @ appointments-api ---
[INFO] Using 'UTF-8' encoding to copy filtered resources.
[INFO] Copying 7 resources
[INFO] 
[INFO] --- maven-compiler-plugin:3.1:testCompile (default-testCompile) @ appointments-api ---
[INFO] Changes detected - recompiling the module!
[INFO] Compiling 32 source files to /home/ubuntu/code/openmrs-module-appointments/api/target/test-classes
[WARNING] /home/ubuntu/code/openmrs-module-appointments/api/src/test/java/org/openmrs/module/appointments/BaseIntegrationTest.java: Some input files use or override a deprecated API.
[WARNING] /home/ubuntu/code/openmrs-module-appointments/api/src/test/java/org/openmrs/module/appointments/BaseIntegrationTest.java: Recompile with -Xlint:deprecation for details.
[WARNING] /home/ubuntu/code/openmrs-module-appointments/api/src/test/java/org/openmrs/module/appointments/service/impl/AppointmentsServiceImplTest.java: Some input files use unchecked or unsafe operations.
[WARNING] /home/ubuntu/code/openmrs-module-appointments/api/src/test/java/org/openmrs/module/appointments/service/impl/AppointmentsServiceImplTest.java: Recompile with -Xlint:unchecked for details.
[INFO] 
[INFO] --- maven-surefire-plugin:2.10:test (default-test) @ appointments-api ---
[INFO] Surefire report directory: /home/ubuntu/code/openmrs-module-appointments/api/target/surefire-reports

-------------------------------------------------------
 T E S T S
-------------------------------------------------------
Exception in thread "main" java.lang.reflect.InvocationTargetException
	at java.base/jdk.internal.reflect.NativeMethodAccessorImpl.invoke0(Native Method)
	at java.base/jdk.internal.reflect.NativeMethodAccessorImpl.invoke(NativeMethodAccessorImpl.java:62)
	at java.base/jdk.internal.reflect.DelegatingMethodAccessorImpl.invoke(DelegatingMethodAccessorImpl.java:43)
	at java.base/java.lang.reflect.Method.invoke(Method.java:566)
	at java.instrument/sun.instrument.InstrumentationImpl.loadClassAndStartAgent(InstrumentationImpl.java:513)
	at java.instrument/sun.instrument.InstrumentationImpl.loadClassAndCallPremain(InstrumentationImpl.java:525)
Caused by: java.lang.RuntimeException: Class java/util/UUID could not be instrumented.
	at org.jacoco.agent.rt.internal_8ff85ea.core.runtime.ModifiedSystemClassRuntime.createFor(ModifiedSystemClassRuntime.java:140)
	at org.jacoco.agent.rt.internal_8ff85ea.core.runtime.ModifiedSystemClassRuntime.createFor(ModifiedSystemClassRuntime.java:101)
	at org.jacoco.agent.rt.internal_8ff85ea.PreMain.createRuntime(PreMain.java:55)
	at org.jacoco.agent.rt.internal_8ff85ea.PreMain.premain(PreMain.java:47)
	... 6 more
Caused by: java.lang.NoSuchFieldException: $jacocoAccess
	at java.base/java.lang.Class.getField(Class.java:1999)
	at org.jacoco.agent.rt.internal_8ff85ea.core.runtime.ModifiedSystemClassRuntime.createFor(ModifiedSystemClassRuntime.java:138)
	... 9 more
*** java.lang.instrument ASSERTION FAILED ***: "result" with message agent load/premain call failed at ./src/java.instrument/share/native/libinstrument/JPLISAgent.c line: 422
FATAL ERROR in native method: processing of -javaagent failed, processJavaStart failed
Native frames: (J=compiled Java code, A=aot compiled Java code, j=interpreted, Vv=VM code, C=native code)
V  [libjvm.so+0x8ece74]  jni_FatalError+0xf4
V  [libjvm.so+0xa1472a]  JvmtiExport::post_vm_initialized()+0x2da
V  [libjvm.so+0xe4ed51]  Threads::create_vm(JavaVMInitArgs*, bool*)+0x9d1
V  [libjvm.so+0x8fbcb6]  JNI_CreateJavaVM+0x56
C  [libjli.so+0x4d11]  JavaMain+0x91
C  [libjli.so+0x99bd]  ThreadJavaMain+0xd
Aborted (core dumped)

Results :

Tests run: 0, Failures: 0, Errors: 0, Skipped: 0

[INFO] 
[INFO] --- maven-jar-plugin:2.4:jar (default-jar) @ appointments-api ---
[INFO] Building jar: /home/ubuntu/code/openmrs-module-appointments/api/target/appointments-api-2.1.0-SNAPSHOT.jar
[INFO] 
[INFO] --- maven-jar-plugin:2.4:test-jar (default) @ appointments-api ---
[INFO] Building jar: /home/ubuntu/code/openmrs-module-appointments/api/target/appointments-api-2.1.0-SNAPSHOT-tests.jar
[INFO] 
[INFO] --- maven-failsafe-plugin:2.17:integration-test (default) @ appointments-api ---
[INFO] Failsafe report directory: /home/ubuntu/code/openmrs-module-appointments/api/target/failsafe-reports
Downloading from openmrs-repo: https://mavenrepo.openmrs.org/nexus/content/repositories/public/org/apache/maven/surefire/surefire-junit4/2.17/surefire-junit4-2.17.pom
Downloaded from openmrs-repo: https://mavenrepo.openmrs.org/nexus/content/repositories/public/org/apache/maven/surefire/surefire-junit4/2.17/surefire-junit4-2.17.pom (2.5 kB at 10 kB/s)
Downloading from openmrs-repo: https://mavenrepo.openmrs.org/nexus/content/repositories/public/org/apache/maven/surefire/surefire-providers/2.17/surefire-providers-2.17.pom
Downloaded from openmrs-repo: https://mavenrepo.openmrs.org/nexus/content/repositories/public/org/apache/maven/surefire/surefire-providers/2.17/surefire-providers-2.17.pom (2.4 kB at 9.9 kB/s)
Downloading from openmrs-repo: https://mavenrepo.openmrs.org/nexus/content/repositories/public/org/apache/maven/surefire/surefire-junit4/2.17/surefire-junit4-2.17.jar
Downloaded from openmrs-repo: https://mavenrepo.openmrs.org/nexus/content/repositories/public/org/apache/maven/surefire/surefire-junit4/2.17/surefire-junit4-2.17.jar (64 kB at 162 kB/s)

-------------------------------------------------------
 T E S T S
-------------------------------------------------------
Running org.openmrs.module.appointments.dao.impl.AppointmentDaoImplIT
WARNING: An illegal reflective access operation has occurred
WARNING: Illegal reflective access by org.codehaus.groovy.reflection.CachedClass (file:/home/ubuntu/.m2/repository/org/codehaus/groovy/groovy-all/2.4.20/groovy-all-2.4.20.jar) to method java.lang.Object.finalize()
WARNING: Please consider reporting this to the maintainers of org.codehaus.groovy.reflection.CachedClass
WARNING: Use --illegal-access=warn to enable warnings of further illegal reflective access operations
WARNING: All illegal access operations will be denied in a future release
Tests run: 31, Failures: 0, Errors: 0, Skipped: 0, Time elapsed: 10.301 sec - in org.openmrs.module.appointments.dao.impl.AppointmentDaoImplIT
Running org.openmrs.module.appointments.dao.impl.SpecialityDaoImplIT
Tests run: 3, Failures: 0, Errors: 0, Skipped: 0, Time elapsed: 0.035 sec - in org.openmrs.module.appointments.dao.impl.SpecialityDaoImplIT
Running org.openmrs.module.appointments.dao.impl.AppointmentRecurringPatternDaoIT
Tests run: 1, Failures: 0, Errors: 0, Skipped: 0, Time elapsed: 0.083 sec - in org.openmrs.module.appointments.dao.impl.AppointmentRecurringPatternDaoIT
Running org.openmrs.module.appointments.dao.impl.AppointmentAuditDaoImplIT
Tests run: 4, Failures: 0, Errors: 0, Skipped: 0, Time elapsed: 0.338 sec - in org.openmrs.module.appointments.dao.impl.AppointmentAuditDaoImplIT
Running org.openmrs.module.appointments.dao.impl.AppointmentServiceDaoImplIT
Tests run: 11, Failures: 0, Errors: 0, Skipped: 0, Time elapsed: 0.462 sec - in org.openmrs.module.appointments.dao.impl.AppointmentServiceDaoImplIT
Running org.openmrs.module.appointments.service.impl.AppointmentsServiceImplIT
Tests run: 1, Failures: 0, Errors: 0, Skipped: 0, Time elapsed: 0.167 sec - in org.openmrs.module.appointments.service.impl.AppointmentsServiceImplIT

Results :

Tests run: 51, Failures: 0, Errors: 0, Skipped: 0

[INFO] 
[INFO] --- maven-failsafe-plugin:2.17:verify (default) @ appointments-api ---
[INFO] Failsafe report directory: /home/ubuntu/code/openmrs-module-appointments/api/target/failsafe-reports
[INFO] 
[INFO] --- jacoco-maven-plugin:0.7.9:report (check) @ appointments-api ---
[INFO] Loading execution data file /home/ubuntu/code/openmrs-module-appointments/api/target/jacoco.exec
[INFO] Analyzed bundle 'appointments API' with 58 classes
[INFO] 
[INFO] --- jacoco-maven-plugin:0.7.9:check (check) @ appointments-api ---
[INFO] Loading execution data file /home/ubuntu/code/openmrs-module-appointments/api/target/jacoco.exec
[INFO] Analyzed bundle 'appointments-api' with 58 classes
[WARNING] Rule violated for bundle appointments-api: lines covered ratio is 0.00, but expected minimum is 0.35
[WARNING] Rule violated for bundle appointments-api: branches covered ratio is 0.00, but expected minimum is 0.35
[INFO] ------------------------------------------------------------------------
[INFO] Reactor Summary for Bahmni Appointment Scheduling 2.1.0-SNAPSHOT:
[INFO] 
[INFO] Bahmni Appointment Scheduling ...................... SUCCESS [  3.845 s]
[INFO] appointments API ................................... FAILURE [ 21.162 s]
[INFO] appointments AtomFeed .............................. SKIPPED
[INFO] appointments OMOD .................................. SKIPPED
[INFO] ------------------------------------------------------------------------
[INFO] BUILD FAILURE
[INFO] ------------------------------------------------------------------------
[INFO] Total time:  25.362 s
[INFO] Finished at: 2025-08-02T12:56:42Z
[INFO] ------------------------------------------------------------------------
[ERROR] Failed to execute goal org.jacoco:jacoco-maven-plugin:0.7.9:check (check) on project appointments-api: Coverage checks have not been met. See log for details. -> [Help 1]
[ERROR] 
[ERROR] To see the full stack trace of the errors, re-run Maven with the -e switch.
[ERROR] Re-run Maven using the -X switch to enable full debug logging.
[ERROR] 
[ERROR] For more information about the errors and possible solutions, please read the following articles:
[ERROR] [Help 1] http://cwiki.apache.org/confluence/display/MAVEN/MojoExecutionException
[ERROR] 
[ERROR] After correcting the problems, you can resume the build with the command
[ERROR]   mvn <args> -rf :appointments-api
ubuntu@ip-10-0-22-13:~/code/openmrs-module-appointments$ mvn clean package
[INFO] Scanning for projects...
[INFO] Inspecting build with total of 4 modules
[INFO] Installing Central Publishing features
[INFO] ------------------------------------------------------------------------
[INFO] Reactor Build Order:
[INFO] 
[INFO] Bahmni Appointment Scheduling                                      [pom]
[INFO] appointments API                                                   [jar]
[INFO] appointments AtomFeed                                              [jar]
[INFO] appointments OMOD                                                  [jar]
[INFO] 
[INFO] -------------------< org.bahmni.module:appointments >-------------------
[INFO] Building Bahmni Appointment Scheduling 2.1.0-SNAPSHOT              [1/4]
[INFO] --------------------------------[ pom ]---------------------------------
[INFO] 
[INFO] --- maven-clean-plugin:2.5:clean (default-clean) @ appointments ---
[INFO] Deleting /home/ubuntu/code/openmrs-module-appointments/target
[INFO] 
[INFO] -----------------< org.bahmni.module:appointments-api >-----------------
[INFO] Building appointments API 2.1.0-SNAPSHOT                           [2/4]
[INFO] --------------------------------[ jar ]---------------------------------
[INFO] 
[INFO] --- maven-clean-plugin:2.5:clean (default-clean) @ appointments-api ---
[INFO] Deleting /home/ubuntu/code/openmrs-module-appointments/api/target
[INFO] 
[INFO] --- jacoco-maven-plugin:0.7.9:prepare-agent (default) @ appointments-api ---
[INFO] argLine set to -javaagent:/home/ubuntu/.m2/repository/org/jacoco/org.jacoco.agent/0.7.9/org.jacoco.agent-0.7.9-runtime.jar=destfile=/home/ubuntu/code/openmrs-module-appointments/api/target/jacoco.exec,includes=**/*:**/*,excludes=**/*Activator.class -Xmx1024m
[INFO] 
[INFO] --- maven-resources-plugin:2.6:resources (default-resources) @ appointments-api ---
[INFO] Using 'UTF-8' encoding to copy filtered resources.
[INFO] Copying 18 resources
[INFO] 
[INFO] --- maven-compiler-plugin:3.1:compile (default-compile) @ appointments-api ---
[INFO] Changes detected - recompiling the module!
[INFO] Compiling 72 source files to /home/ubuntu/code/openmrs-module-appointments/api/target/classes
[WARNING] /home/ubuntu/code/openmrs-module-appointments/api/src/main/java/org/openmrs/module/appointments/dao/impl/AppointmentRecurringPatternDaoImpl.java: Some input files use or override a deprecated API.
[WARNING] /home/ubuntu/code/openmrs-module-appointments/api/src/main/java/org/openmrs/module/appointments/dao/impl/AppointmentRecurringPatternDaoImpl.java: Recompile with -Xlint:deprecation for details.
[WARNING] /home/ubuntu/code/openmrs-module-appointments/api/src/main/java/org/openmrs/module/appointments/model/Appointment.java: Some input files use unchecked or unsafe operations.
[WARNING] /home/ubuntu/code/openmrs-module-appointments/api/src/main/java/org/openmrs/module/appointments/model/Appointment.java: Recompile with -Xlint:unchecked for details.
[INFO] 
[INFO] --- maven-resources-plugin:2.6:testResources (default-testResources) @ appointments-api ---
[INFO] Using 'UTF-8' encoding to copy filtered resources.
[INFO] Copying 7 resources
[INFO] 
[INFO] --- maven-compiler-plugin:3.1:testCompile (default-testCompile) @ appointments-api ---
[INFO] Changes detected - recompiling the module!
[INFO] Compiling 32 source files to /home/ubuntu/code/openmrs-module-appointments/api/target/test-classes
[WARNING] /home/ubuntu/code/openmrs-module-appointments/api/src/test/java/org/openmrs/module/appointments/BaseIntegrationTest.java: Some input files use or override a deprecated API.
[WARNING] /home/ubuntu/code/openmrs-module-appointments/api/src/test/java/org/openmrs/module/appointments/BaseIntegrationTest.java: Recompile with -Xlint:deprecation for details.
[WARNING] /home/ubuntu/code/openmrs-module-appointments/api/src/test/java/org/openmrs/module/appointments/service/impl/AppointmentsServiceImplTest.java: Some input files use unchecked or unsafe operations.
[WARNING] /home/ubuntu/code/openmrs-module-appointments/api/src/test/java/org/openmrs/module/appointments/service/impl/AppointmentsServiceImplTest.java: Recompile with -Xlint:unchecked for details.
[INFO] 
[INFO] --- maven-surefire-plugin:2.10:test (default-test) @ appointments-api ---
[INFO] Surefire report directory: /home/ubuntu/code/openmrs-module-appointments/api/target/surefire-reports

-------------------------------------------------------
 T E S T S
-------------------------------------------------------
Exception in thread "main" java.lang.reflect.InvocationTargetException
	at java.base/jdk.internal.reflect.NativeMethodAccessorImpl.invoke0(Native Method)
	at java.base/jdk.internal.reflect.NativeMethodAccessorImpl.invoke(NativeMethodAccessorImpl.java:62)
	at java.base/jdk.internal.reflect.DelegatingMethodAccessorImpl.invoke(DelegatingMethodAccessorImpl.java:43)
	at java.base/java.lang.reflect.Method.invoke(Method.java:566)
	at java.instrument/sun.instrument.InstrumentationImpl.loadClassAndStartAgent(InstrumentationImpl.java:513)
	at java.instrument/sun.instrument.InstrumentationImpl.loadClassAndCallPremain(InstrumentationImpl.java:525)
Caused by: java.lang.RuntimeException: Class java/util/UUID could not be instrumented.
	at org.jacoco.agent.rt.internal_8ff85ea.core.runtime.ModifiedSystemClassRuntime.createFor(ModifiedSystemClassRuntime.java:140)
	at org.jacoco.agent.rt.internal_8ff85ea.core.runtime.ModifiedSystemClassRuntime.createFor(ModifiedSystemClassRuntime.java:101)
	at org.jacoco.agent.rt.internal_8ff85ea.PreMain.createRuntime(PreMain.java:55)
	at org.jacoco.agent.rt.internal_8ff85ea.PreMain.premain(PreMain.java:47)
	... 6 more
Caused by: java.lang.NoSuchFieldException: $jacocoAccess
	at java.base/java.lang.Class.getField(Class.java:1999)
	at org.jacoco.agent.rt.internal_8ff85ea.core.runtime.ModifiedSystemClassRuntime.createFor(ModifiedSystemClassRuntime.java:138)
	... 9 more
*** java.lang.instrument ASSERTION FAILED ***: "result" with message agent load/premain call failed at ./src/java.instrument/share/native/libinstrument/JPLISAgent.c line: 422
FATAL ERROR in native method: processing of -javaagent failed, processJavaStart failed
Native frames: (J=compiled Java code, A=aot compiled Java code, j=interpreted, Vv=VM code, C=native code)
V  [libjvm.so+0x8ece74]  jni_FatalError+0xf4
V  [libjvm.so+0xa1472a]  JvmtiExport::post_vm_initialized()+0x2da
V  [libjvm.so+0xe4ed51]  Threads::create_vm(JavaVMInitArgs*, bool*)+0x9d1
V  [libjvm.so+0x8fbcb6]  JNI_CreateJavaVM+0x56
C  [libjli.so+0x4d11]  JavaMain+0x91
C  [libjli.so+0x99bd]  ThreadJavaMain+0xd
Aborted (core dumped)

Results :

Tests run: 0, Failures: 0, Errors: 0, Skipped: 0

[INFO] 
[INFO] --- maven-jar-plugin:2.4:jar (default-jar) @ appointments-api ---
[INFO] Building jar: /home/ubuntu/code/openmrs-module-appointments/api/target/appointments-api-2.1.0-SNAPSHOT.jar
[INFO] 
[INFO] --- maven-jar-plugin:2.4:test-jar (default) @ appointments-api ---
[INFO] Building jar: /home/ubuntu/code/openmrs-module-appointments/api/target/appointments-api-2.1.0-SNAPSHOT-tests.jar
[INFO] 
[INFO] --------------< org.bahmni.module:appointments-atom-feed >--------------
[INFO] Building appointments AtomFeed 2.1.0-SNAPSHOT                      [3/4]
[INFO] --------------------------------[ jar ]---------------------------------
Downloading from openmrs-repo: https://mavenrepo.openmrs.org/nexus/content/repositories/public/org/ict4h/openmrs/openmrs-atomfeed-common/2.6.2/openmrs-atomfeed-common-2.6.2.pom
Downloaded from openmrs-repo: https://mavenrepo.openmrs.org/nexus/content/repositories/public/org/ict4h/openmrs/openmrs-atomfeed-common/2.6.2/openmrs-atomfeed-common-2.6.2.pom (1.5 kB at 2.4 kB/s)
Downloading from openmrs-repo: https://mavenrepo.openmrs.org/nexus/content/repositories/public/org/ict4h/openmrs/openmrs-atomfeed/2.6.2/openmrs-atomfeed-2.6.2.pom
Downloaded from openmrs-repo: https://mavenrepo.openmrs.org/nexus/content/repositories/public/org/ict4h/openmrs/openmrs-atomfeed/2.6.2/openmrs-atomfeed-2.6.2.pom (6.8 kB at 32 kB/s)
Downloading from openmrs-repo: https://mavenrepo.openmrs.org/nexus/content/repositories/public/org/ict4h/atomfeed-server/1.10.1/atomfeed-server-1.10.1.pom
Downloaded from openmrs-repo: https://mavenrepo.openmrs.org/nexus/content/repositories/public/org/ict4h/atomfeed-server/1.10.1/atomfeed-server-1.10.1.pom (9.7 kB at 46 kB/s)
Downloading from openmrs-repo: https://mavenrepo.openmrs.org/nexus/content/repositories/public/org/ict4h/atomfeed/1.10.1/atomfeed-1.10.1.pom
Downloaded from openmrs-repo: https://mavenrepo.openmrs.org/nexus/content/repositories/public/org/ict4h/atomfeed/1.10.1/atomfeed-1.10.1.pom (8.9 kB at 42 kB/s)
Downloading from openmrs-repo: https://mavenrepo.openmrs.org/nexus/content/repositories/public/org/ict4h/atomfeed-commons/1.10.1/atomfeed-commons-1.10.1.pom
Downloaded from openmrs-repo: https://mavenrepo.openmrs.org/nexus/content/repositories/public/org/ict4h/atomfeed-commons/1.10.1/atomfeed-commons-1.10.1.pom (3.1 kB at 15 kB/s)
Downloading from openmrs-repo: https://mavenrepo.openmrs.org/nexus/content/repositories/public/javax/persistence/persistence-api/1.0.2/persistence-api-1.0.2.pom
Downloaded from openmrs-repo: https://mavenrepo.openmrs.org/nexus/content/repositories/public/javax/persistence/persistence-api/1.0.2/persistence-api-1.0.2.pom (167 B at 791 B/s)
Downloading from openmrs-repo: https://mavenrepo.openmrs.org/nexus/content/repositories/public/rome/rome/1.0/rome-1.0.pom
Downloaded from openmrs-repo: https://mavenrepo.openmrs.org/nexus/content/repositories/public/rome/rome/1.0/rome-1.0.pom (6.4 kB at 31 kB/s)
Downloading from openmrs-repo: https://mavenrepo.openmrs.org/nexus/content/repositories/public/jdom/jdom/1.0/jdom-1.0.pom
Downloaded from openmrs-repo: https://mavenrepo.openmrs.org/nexus/content/repositories/public/jdom/jdom/1.0/jdom-1.0.pom (1.2 kB at 5.5 kB/s)
Downloading from openmrs-repo: https://mavenrepo.openmrs.org/nexus/content/repositories/public/org/ict4h/openmrs/openmrs-atomfeed-common/2.6.2/openmrs-atomfeed-common-2.6.2.jar
Downloading from openmrs-repo: https://mavenrepo.openmrs.org/nexus/content/repositories/public/org/ict4h/atomfeed-server/1.10.1/atomfeed-server-1.10.1.jar
Downloading from openmrs-repo: https://mavenrepo.openmrs.org/nexus/content/repositories/public/org/ict4h/atomfeed-commons/1.10.1/atomfeed-commons-1.10.1.jar
Downloading from openmrs-repo: https://mavenrepo.openmrs.org/nexus/content/repositories/public/javax/persistence/persistence-api/1.0.2/persistence-api-1.0.2.jar
Downloading from openmrs-repo: https://mavenrepo.openmrs.org/nexus/content/repositories/public/rome/rome/1.0/rome-1.0.jar
Downloaded from openmrs-repo: https://mavenrepo.openmrs.org/nexus/content/repositories/public/org/ict4h/openmrs/openmrs-atomfeed-common/2.6.2/openmrs-atomfeed-common-2.6.2.jar (5.4 kB at 24 kB/s)
Downloading from openmrs-repo: https://mavenrepo.openmrs.org/nexus/content/repositories/public/jdom/jdom/1.0/jdom-1.0.jar
Downloaded from openmrs-repo: https://mavenrepo.openmrs.org/nexus/content/repositories/public/org/ict4h/atomfeed-commons/1.10.1/atomfeed-commons-1.10.1.jar (10 kB at 18 kB/s)
Downloaded from openmrs-repo: https://mavenrepo.openmrs.org/nexus/content/repositories/public/jdom/jdom/1.0/jdom-1.0.jar (153 kB at 256 kB/s)
Downloaded from openmrs-repo: https://mavenrepo.openmrs.org/nexus/content/repositories/public/javax/persistence/persistence-api/1.0.2/persistence-api-1.0.2.jar (54 kB at 87 kB/s)
Downloaded from openmrs-repo: https://mavenrepo.openmrs.org/nexus/content/repositories/public/org/ict4h/atomfeed-server/1.10.1/atomfeed-server-1.10.1.jar (64 kB at 101 kB/s)
Downloaded from openmrs-repo: https://mavenrepo.openmrs.org/nexus/content/repositories/public/rome/rome/1.0/rome-1.0.jar (220 kB at 177 kB/s)
[INFO] 
[INFO] --- maven-clean-plugin:2.5:clean (default-clean) @ appointments-atom-feed ---
[INFO] 
[INFO] --- jacoco-maven-plugin:0.7.9:prepare-agent (default) @ appointments-atom-feed ---
[INFO] argLine set to -javaagent:/home/ubuntu/.m2/repository/org/jacoco/org.jacoco.agent/0.7.9/org.jacoco.agent-0.7.9-runtime.jar=destfile=/home/ubuntu/code/openmrs-module-appointments/atom-feed/target/jacoco.exec,includes=**/*:**/*,excludes=**/*Activator.class -Xmx1024m
[INFO] 
[INFO] --- maven-resources-plugin:2.6:resources (default-resources) @ appointments-atom-feed ---
[INFO] Using 'UTF-8' encoding to copy filtered resources.
[INFO] skip non existing resourceDirectory /home/ubuntu/code/openmrs-module-appointments/atom-feed/src/main/resources
[INFO] 
[INFO] --- maven-compiler-plugin:3.1:compile (default-compile) @ appointments-atom-feed ---
[INFO] Changes detected - recompiling the module!
[INFO] Compiling 5 source files to /home/ubuntu/code/openmrs-module-appointments/atom-feed/target/classes
[WARNING] /home/ubuntu/code/openmrs-module-appointments/atom-feed/src/main/java/org/openmrs/module/appointments/advice/RecurringAppointmentsAdvice.java: /home/ubuntu/code/openmrs-module-appointments/atom-feed/src/main/java/org/openmrs/module/appointments/advice/RecurringAppointmentsAdvice.java uses unchecked or unsafe operations.
[WARNING] /home/ubuntu/code/openmrs-module-appointments/atom-feed/src/main/java/org/openmrs/module/appointments/advice/RecurringAppointmentsAdvice.java: Recompile with -Xlint:unchecked for details.
[INFO] 
[INFO] --- maven-resources-plugin:2.6:testResources (default-testResources) @ appointments-atom-feed ---
[INFO] Using 'UTF-8' encoding to copy filtered resources.
[INFO] skip non existing resourceDirectory /home/ubuntu/code/openmrs-module-appointments/atom-feed/src/test/resources
[INFO] 
[INFO] --- maven-compiler-plugin:3.1:testCompile (default-testCompile) @ appointments-atom-feed ---
[INFO] Changes detected - recompiling the module!
[INFO] Compiling 4 source files to /home/ubuntu/code/openmrs-module-appointments/atom-feed/target/test-classes
[WARNING] /home/ubuntu/code/openmrs-module-appointments/atom-feed/src/test/java/org/openmrs/module/appointments/advice/AppointmentAdviceTest.java: Some input files use or override a deprecated API.
[WARNING] /home/ubuntu/code/openmrs-module-appointments/atom-feed/src/test/java/org/openmrs/module/appointments/advice/AppointmentAdviceTest.java: Recompile with -Xlint:deprecation for details.
[INFO] 
[INFO] --- maven-surefire-plugin:2.10:test (default-test) @ appointments-atom-feed ---
[INFO] Surefire report directory: /home/ubuntu/code/openmrs-module-appointments/atom-feed/target/surefire-reports

-------------------------------------------------------
 T E S T S
-------------------------------------------------------
Exception in thread "main" java.lang.reflect.InvocationTargetException
	at java.base/jdk.internal.reflect.NativeMethodAccessorImpl.invoke0(Native Method)
	at java.base/jdk.internal.reflect.NativeMethodAccessorImpl.invoke(NativeMethodAccessorImpl.java:62)
	at java.base/jdk.internal.reflect.DelegatingMethodAccessorImpl.invoke(DelegatingMethodAccessorImpl.java:43)
	at java.base/java.lang.reflect.Method.invoke(Method.java:566)
	at java.instrument/sun.instrument.InstrumentationImpl.loadClassAndStartAgent(InstrumentationImpl.java:513)
	at java.instrument/sun.instrument.InstrumentationImpl.loadClassAndCallPremain(InstrumentationImpl.java:525)
Caused by: java.lang.RuntimeException: Class java/util/UUID could not be instrumented.
	at org.jacoco.agent.rt.internal_8ff85ea.core.runtime.ModifiedSystemClassRuntime.createFor(ModifiedSystemClassRuntime.java:140)
	at org.jacoco.agent.rt.internal_8ff85ea.core.runtime.ModifiedSystemClassRuntime.createFor(ModifiedSystemClassRuntime.java:101)
	at org.jacoco.agent.rt.internal_8ff85ea.PreMain.createRuntime(PreMain.java:55)
	at org.jacoco.agent.rt.internal_8ff85ea.PreMain.premain(PreMain.java:47)
	... 6 more
Caused by: java.lang.NoSuchFieldException: $jacocoAccess
	at java.base/java.lang.Class.getField(Class.java:1999)
	at org.jacoco.agent.rt.internal_8ff85ea.core.runtime.ModifiedSystemClassRuntime.createFor(ModifiedSystemClassRuntime.java:138)
	... 9 more
*** java.lang.instrument ASSERTION FAILED ***: "result" with message agent load/premain call failed at ./src/java.instrument/share/native/libinstrument/JPLISAgent.c line: 422
FATAL ERROR in native method: processing of -javaagent failed, processJavaStart failed
Native frames: (J=compiled Java code, A=aot compiled Java code, j=interpreted, Vv=VM code, C=native code)
V  [libjvm.so+0x8ece74]  jni_FatalError+0xf4
V  [libjvm.so+0xa1472a]  JvmtiExport::post_vm_initialized()+0x2da
V  [libjvm.so+0xe4ed51]  Threads::create_vm(JavaVMInitArgs*, bool*)+0x9d1
V  [libjvm.so+0x8fbcb6]  JNI_CreateJavaVM+0x56
C  [libjli.so+0x4d11]  JavaMain+0x91
C  [libjli.so+0x99bd]  ThreadJavaMain+0xd
Aborted (core dumped)

Results :

Tests run: 0, Failures: 0, Errors: 0, Skipped: 0

[INFO] 
[INFO] --- maven-jar-plugin:2.4:jar (default-jar) @ appointments-atom-feed ---
[INFO] Building jar: /home/ubuntu/code/openmrs-module-appointments/atom-feed/target/appointments-atom-feed-2.1.0-SNAPSHOT.jar
[INFO] 
[INFO] --- maven-jar-plugin:2.4:test-jar (default) @ appointments-atom-feed ---
[INFO] Building jar: /home/ubuntu/code/openmrs-module-appointments/atom-feed/target/appointments-atom-feed-2.1.0-SNAPSHOT-tests.jar
[INFO] 
[INFO] ----------------< org.bahmni.module:appointments-omod >-----------------
[INFO] Building appointments OMOD 2.1.0-SNAPSHOT                          [4/4]
[INFO] --------------------------------[ jar ]---------------------------------
Downloading from openmrs-repo: https://mavenrepo.openmrs.org/nexus/content/repositories/public/com/google/code/gson/gson/2.3.1/gson-2.3.1.pom
Downloaded from openmrs-repo: https://mavenrepo.openmrs.org/nexus/content/repositories/public/com/google/code/gson/gson/2.3.1/gson-2.3.1.pom (9.0 kB at 43 kB/s)
Downloading from openmrs-repo: https://mavenrepo.openmrs.org/nexus/content/repositories/public/com/google/code/gson/gson/2.3.1/gson-2.3.1.jar
Downloaded from openmrs-repo: https://mavenrepo.openmrs.org/nexus/content/repositories/public/com/google/code/gson/gson/2.3.1/gson-2.3.1.jar (211 kB at 399 kB/s)
[INFO] 
[INFO] --- maven-clean-plugin:2.5:clean (default-clean) @ appointments-omod ---
[INFO] 
[INFO] --- maven-openmrs-plugin:1.0.1:initialize-module (init) @ appointments-omod ---
[INFO] 
[INFO] --- jacoco-maven-plugin:0.7.9:prepare-agent (default) @ appointments-omod ---
[INFO] argLine set to -javaagent:/home/ubuntu/.m2/repository/org/jacoco/org.jacoco.agent/0.7.9/org.jacoco.agent-0.7.9-runtime.jar=destfile=/home/ubuntu/code/openmrs-module-appointments/omod/target/jacoco.exec,includes=org/openmrs/module/appointments/web/** -Xmx1024m
[INFO] 
[INFO] --- maven-dependency-plugin:2.4:unpack-dependencies (Expand moduleApplicationContext and messages) @ appointments-omod ---
[INFO] Unpacking /home/ubuntu/code/openmrs-module-appointments/api/target/appointments-api-2.1.0-SNAPSHOT.jar to /home/ubuntu/code/openmrs-module-appointments/omod/target/classes with includes "**\/*.xml,**\/*.properties" and excludes ""
[INFO] 
[INFO] --- maven-resources-plugin:2.6:resources (default-resources) @ appointments-omod ---
[INFO] Using 'UTF-8' encoding to copy filtered resources.
[INFO] Copying 2 resources
[INFO] 
[INFO] --- maven-compiler-plugin:3.1:compile (default-compile) @ appointments-omod ---
[INFO] Changes detected - recompiling the module!
[INFO] Compiling 36 source files to /home/ubuntu/code/openmrs-module-appointments/omod/target/classes
[WARNING] /home/ubuntu/code/openmrs-module-appointments/omod/src/main/java/org/openmrs/module/appointments/web/mapper/AppointmentMapper.java: Some input files use unchecked or unsafe operations.
[WARNING] /home/ubuntu/code/openmrs-module-appointments/omod/src/main/java/org/openmrs/module/appointments/web/mapper/AppointmentMapper.java: Recompile with -Xlint:unchecked for details.
[INFO] 
[INFO] --- maven-resources-plugin:2.6:testResources (default-testResources) @ appointments-omod ---
[INFO] Using 'UTF-8' encoding to copy filtered resources.
[INFO] Copying 6 resources
[INFO] 
[INFO] --- maven-compiler-plugin:3.1:testCompile (default-testCompile) @ appointments-omod ---
[INFO] Changes detected - recompiling the module!
[INFO] Compiling 32 source files to /home/ubuntu/code/openmrs-module-appointments/omod/target/test-classes
[WARNING] /home/ubuntu/code/openmrs-module-appointments/omod/src/test/java/org/openmrs/module/appointments/web/BaseWebControllerTest.java: Some input files use or override a deprecated API.
[WARNING] /home/ubuntu/code/openmrs-module-appointments/omod/src/test/java/org/openmrs/module/appointments/web/BaseWebControllerTest.java: Recompile with -Xlint:deprecation for details.
[WARNING] /home/ubuntu/code/openmrs-module-appointments/omod/src/test/java/org/openmrs/module/appointments/web/mapper/AppointmentMapperTest.java: Some input files use unchecked or unsafe operations.
[WARNING] /home/ubuntu/code/openmrs-module-appointments/omod/src/test/java/org/openmrs/module/appointments/web/mapper/AppointmentMapperTest.java: Recompile with -Xlint:unchecked for details.
[INFO] 
[INFO] --- maven-surefire-plugin:2.10:test (default-test) @ appointments-omod ---
[INFO] Surefire report directory: /home/ubuntu/code/openmrs-module-appointments/omod/target/surefire-reports

-------------------------------------------------------
 T E S T S
-------------------------------------------------------
Exception in thread "main" java.lang.reflect.InvocationTargetException
	at java.base/jdk.internal.reflect.NativeMethodAccessorImpl.invoke0(Native Method)
	at java.base/jdk.internal.reflect.NativeMethodAccessorImpl.invoke(NativeMethodAccessorImpl.java:62)
	at java.base/jdk.internal.reflect.DelegatingMethodAccessorImpl.invoke(DelegatingMethodAccessorImpl.java:43)
	at java.base/java.lang.reflect.Method.invoke(Method.java:566)
	at java.instrument/sun.instrument.InstrumentationImpl.loadClassAndStartAgent(InstrumentationImpl.java:513)
	at java.instrument/sun.instrument.InstrumentationImpl.loadClassAndCallPremain(InstrumentationImpl.java:525)
Caused by: java.lang.RuntimeException: Class java/util/UUID could not be instrumented.
	at org.jacoco.agent.rt.internal_8ff85ea.core.runtime.ModifiedSystemClassRuntime.createFor(ModifiedSystemClassRuntime.java:140)
	at org.jacoco.agent.rt.internal_8ff85ea.core.runtime.ModifiedSystemClassRuntime.createFor(ModifiedSystemClassRuntime.java:101)
	at org.jacoco.agent.rt.internal_8ff85ea.PreMain.createRuntime(PreMain.java:55)
	at org.jacoco.agent.rt.internal_8ff85ea.PreMain.premain(PreMain.java:47)
	... 6 more
FATAL ERROR in native method: processing of -javaagent failed, processJavaStart failed
Native frames: (J=compiled Java code, A=aot compiled Java code, j=interpreted, Vv=VM code, C=native code)
Caused by: java.lang.NoSuchFieldException: $jacocoAccess
	at java.base/java.lang.Class.getField(Class.java:1999)
	at org.jacoco.agent.rt.internal_8ff85ea.core.runtime.ModifiedSystemClassRuntime.createFor(ModifiedSystemClassRuntime.java:138)
	... 9 more
*** java.lang.instrument ASSERTION FAILED ***: "result" with message agent load/premain call failed at ./src/java.instrument/share/native/libinstrument/JPLISAgent.c line: 422
V  [libjvm.so+0x8ece74]  jni_FatalError+0xf4
V  [libjvm.so+0xa1472a]  JvmtiExport::post_vm_initialized()+0x2da
V  [libjvm.so+0xe4ed51]  Threads::create_vm(JavaVMInitArgs*, bool*)+0x9d1
V  [libjvm.so+0x8fbcb6]  JNI_CreateJavaVM+0x56
C  [libjli.so+0x4d11]  JavaMain+0x91
C  [libjli.so+0x99bd]  ThreadJavaMain+0xd
Aborted (core dumped)

Results :

Tests run: 0, Failures: 0, Errors: 0, Skipped: 0

[INFO] 
[INFO] --- maven-jar-plugin:2.4:jar (default-jar) @ appointments-omod ---
[INFO] Building jar: /home/ubuntu/code/openmrs-module-appointments/omod/target/appointments-2.1.0-SNAPSHOT.jar
[INFO] 
[INFO] --- maven-openmrs-plugin:1.0.1:package-module (pack) @ appointments-omod ---
[INFO] Packaging OpenMRS module
[INFO] Building jar: /home/ubuntu/code/openmrs-module-appointments/omod/target/appointments-2.1.0-SNAPSHOT.omod
[INFO] 
[INFO] --- maven-jar-plugin:2.4:test-jar (default) @ appointments-omod ---
[INFO] Building jar: /home/ubuntu/code/openmrs-module-appointments/omod/target/appointments-2.1.0-SNAPSHOT-tests.jar
[INFO] ------------------------------------------------------------------------
[INFO] Reactor Summary for Bahmni Appointment Scheduling 2.1.0-SNAPSHOT:
[INFO] 
[INFO] Bahmni Appointment Scheduling ...................... SUCCESS [  0.071 s]
[INFO] appointments API ................................... SUCCESS [  4.213 s]
[INFO] appointments AtomFeed .............................. SUCCESS [  5.265 s]
[INFO] appointments OMOD .................................. SUCCESS [  3.587 s]
[INFO] ------------------------------------------------------------------------
[INFO] BUILD SUCCESS
[INFO] ------------------------------------------------------------------------
[INFO] Total time:  13.518 s
[INFO] Finished at: 2025-08-02T12:57:06Z
[INFO] ------------------------------------------------------------------------
ubuntu@ip-10-0-22-13:~/code/openmrs-module-appointments$ 

